1.000000e+02 3.573406e-02 9.648969e-01 9.637499e+00 1.187594e+01
1.010000e+02 3.669849e-02 9.639667e-01 9.844775e+00 1.210710e+01
1.020000e+02 3.876010e-02 9.619815e-01 1.027776e+01 1.256687e+01
1.030000e+02 3.834154e-02 9.623842e-01 1.021950e+01 1.252901e+01
1.040000e+02 4.091400e-02 9.599117e-01 1.077762e+01 1.311532e+01
1.050000e+02 4.165345e-02 9.592021e-01 1.097333e+01 1.333462e+01
1.060000e+02 4.410238e-02 9.568560e-01 1.153155e+01 1.392057e+01
1.070000e+02 4.730036e-02 9.538009e-01 1.225995e+01 1.467814e+01
1.080000e+02 5.155308e-02 9.497532e-01 1.322620e+01 1.567522e+01
1.090000e+02 5.720657e-02 9.443990e-01 1.450607e+01 1.698763e+01
1.100000e+02 6.510817e-02 9.369661e-01 1.628107e+01 1.879726e+01
1.110000e+02 7.986092e-02 9.232447e-01 1.946872e+01 2.202503e+01
1.120000e+02 9.110270e-02 9.129239e-01 2.207521e+01 2.466525e+01
1.130000e+02 1.153154e-01 8.910851e-01 2.734212e+01 2.997197e+01
1.140000e+02 1.559841e-01 8.555728e-01 3.591687e+01 3.858782e+01
1.150000e+02 2.358526e-01 7.898971e-01 5.173874e+01 5.445170e+01
1.160000e+02 3.957332e-01 6.731863e-01 8.020714e+01 8.295957e+01
1.170000e+02 8.614174e-01 4.225627e-01 1.419677e+02 1.447571e+02
1.180000e+02 3.015575e+00 4.901763e-02 2.398570e+02 2.426776e+02
1.190000e+02 8.244054e+00 2.628167e-04 2.581880e+02 2.610331e+02
1.200000e+02 1.457353e+00 2.328519e-01 1.899157e+02 1.927809e+02
1.210000e+02 5.453463e-01 5.796410e-01 1.030505e+02 1.059275e+02
1.220000e+02 2.846695e-01 7.522628e-01 6.089250e+01 6.377525e+01
1.230000e+02 1.790974e-01 8.360245e-01 4.057054e+01 4.345527e+01
1.240000e+02 1.398592e-01 8.694806e-01 3.214871e+01 3.504006e+01
1.250000e+02 9.841864e-02 9.062694e-01 2.354955e+01 2.643573e+01
1.260000e+02 7.946611e-02 9.236093e-01 1.938326e+01 2.227013e+01
1.270000e+02 6.633401e-02 9.358182e-01 1.646629e+01 1.935411e+01
1.280000e+02 5.853321e-02 9.431469e-01 1.468181e+01 1.757475e+01
1.290000e+02 5.196244e-02 9.493645e-01 1.319878e+01 1.609635e+01
1.300000e+02 4.753670e-02 9.535755e-01 1.218459e+01 1.508975e+01
1.310000e+02 4.482224e-02 9.561674e-01 1.154638e+01 1.446285e+01
1.320000e+02 4.187113e-02 9.589934e-01 1.087461e+01 1.380063e+01
1.330000e+02 4.004427e-02 9.607469e-01 1.044916e+01 1.338801e+01
1.340000e+02 3.860658e-02 9.621292e-01 1.011568e+01 1.306851e+01
1.350000e+02 3.740560e-02 9.632853e-01 9.836911e+00 1.280436e+01
1.360000e+02 3.665152e-02 9.640120e-01 9.658862e+00 1.264279e+01
1.370000e+02 3.726773e-02 9.634182e-01 9.768593e+00 1.277532e+01
1.380000e+02 3.575494e-02 9.648767e-01 9.453503e+00 1.247330e+01
1.390000e+02 3.546002e-02 9.651613e-01 9.383903e+00 1.242227e+01
1.400000e+02 3.535718e-02 9.652606e-01 9.352491e+00 1.241030e+01
1.410000e+02 3.515199e-02 9.654587e-01 9.301099e+00 1.237780e+01
1.420000e+02 4.254953e-02 9.583430e-01 1.079945e+01 1.393018e+01
1.430000e+02 3.586065e-02 9.647747e-01 9.464015e+00 1.258514e+01
1.440000e+02 3.580545e-02 9.648280e-01 9.463125e+00 1.260438e+01
1.450000e+02 4.231014e-02 9.585724e-01 1.078732e+01 1.397928e+01
1.460000e+02 3.531677e-02 9.652996e-01 9.346367e+00 1.252485e+01
1.470000e+02 3.531392e-02 9.653023e-01 9.349334e+00 1.254797e+01
1.480000e+02 3.570239e-02 9.649274e-01 9.437666e+00 1.265871e+01
1.490000e+02 3.687546e-02 9.637962e-01 9.689763e+00 1.293749e+01
1.500000e+02 3.703584e-02 9.636416e-01 9.746448e+00 1.301576e+01
1.510000e+02 3.840160e-02 9.623264e-01 1.004224e+01 1.333918e+01
1.520000e+02 3.768472e-02 9.630165e-01 9.915016e+00 1.322891e+01
1.530000e+02 3.790362e-02 9.628057e-01 9.970061e+00 1.330550e+01
1.540000e+02 4.778082e-02 9.533427e-01 1.203188e+01 1.543347e+01
1.550000e+02 3.895976e-02 9.617894e-01 1.022765e+01 1.360992e+01
1.560000e+02 3.989905e-02 9.608864e-01 1.044737e+01 1.385528e+01
1.570000e+02 4.036707e-02 9.604368e-01 1.057426e+01 1.400548e+01
1.580000e+02 4.121862e-02 9.596193e-01 1.078325e+01 1.423974e+01
1.590000e+02 4.222327e-02 9.586557e-01 1.102827e+01 1.451080e+01
1.600000e+02 4.335908e-02 9.575675e-01 1.130533e+01 1.481452e+01
1.610000e+02 4.460590e-02 9.563743e-01 1.161036e+01 1.514670e+01
1.620000e+02 4.602390e-02 9.550191e-01 1.195666e+01 1.552085e+01
1.630000e+02 4.770222e-02 9.534177e-01 1.236420e+01 1.595728e+01
1.640000e+02 4.981994e-02 9.514007e-01 1.287000e+01 1.649357e+01
1.650000e+02 6.610058e-02 9.360367e-01 1.626660e+01 1.996492e+01
1.660000e+02 6.141787e-02 9.404302e-01 1.537296e+01 1.907992e+01
1.670000e+02 5.741259e-02 9.442044e-01 1.471777e+01 1.843569e+01
1.680000e+02 6.059865e-02 9.412009e-01 1.550371e+01 1.925455e+01
1.690000e+02 6.499767e-02 9.370696e-01 1.656486e+01 2.035157e+01
1.700000e+02 6.955131e-02 9.328123e-01 1.768529e+01 2.150735e+01
1.710000e+02 7.561064e-02 9.271771e-01 1.915192e+01 2.301189e+01
1.720000e+02 8.343535e-02 9.199506e-01 2.102936e+01 2.492935e+01
1.730000e+02 9.374789e-02 9.105123e-01 2.347471e+01 2.741685e+01
1.740000e+02 1.073686e-01 8.981945e-01 2.667270e+01 3.065873e+01
1.750000e+02 1.271935e-01 8.805633e-01 3.120264e+01 3.523532e+01
1.760000e+02 1.547363e-01 8.566410e-01 3.735783e+01 4.143778e+01
1.770000e+02 1.899338e-01 8.270139e-01 4.520834e+01 4.933384e+01
1.780000e+02 2.488990e-01 7.796587e-01 5.757215e+01 6.174502e+01
1.790000e+02 3.478886e-01 7.061775e-01 7.675980e+01 8.097919e+01
1.800000e+02 5.293444e-01 5.889910e-01 1.073788e+02 1.116424e+02
1.810000e+02 8.849237e-01 4.127457e-01 1.536767e+02 1.579802e+02
1.820000e+02 1.632004e+00 1.955373e-01 2.111526e+02 2.154904e+02
1.830000e+02 2.765828e+00 6.292397e-02 2.466875e+02 2.510532e+02
1.840000e+02 2.310502e+00 9.921147e-02 2.368631e+02 2.412515e+02
1.850000e+02 1.275083e+00 2.794078e-01 1.887479e+02 1.931532e+02
1.860000e+02 7.313567e-01 4.812556e-01 1.355632e+02 1.399791e+02
1.870000e+02 4.671861e-01 6.267634e-01 9.742160e+01 1.018430e+02
1.880000e+02 3.273298e-01 7.208460e-01 7.282278e+01 7.724627e+01
1.890000e+02 2.463313e-01 7.816632e-01 5.694334e+01 6.136694e+01
1.900000e+02 1.958348e-01 8.221480e-01 4.638045e+01 5.080342e+01
1.910000e+02 1.625946e-01 8.499356e-01 3.912976e+01 4.355238e+01
1.920000e+02 1.397977e-01 8.695342e-01 3.401267e+01 3.843603e+01
1.930000e+02 1.243586e-01 8.830631e-01 3.044780e+01 3.487431e+01
1.940000e+02 1.124564e-01 8.936363e-01 2.769044e+01 3.212113e+01
1.950000e+02 1.053070e-01 9.000482e-01 2.589762e+01 3.033668e+01
1.960000e+02 9.769544e-02 9.069251e-01 2.410851e+01 2.855400e+01
1.970000e+02 8.935375e-02 9.145220e-01 2.225070e+01 2.669955e+01
1.980000e+02 8.511559e-02 9.184061e-01 2.123214e+01 2.569116e+01
1.990000e+02 8.183524e-02 9.214238e-01 2.043422e+01 2.490502e+01
2.000000e+02 7.992439e-02 9.231861e-01 1.995391e+01 2.443981e+01
2.010000e+02 8.510450e-02 9.184163e-01 2.088573e+01 2.540445e+01
2.020000e+02 7.798863e-02 9.249749e-01 1.947615e+01 2.399791e+01
2.030000e+02 7.858603e-02 9.244225e-01 1.961244e+01 2.415713e+01
2.040000e+02 7.643563e-02 9.264125e-01 1.909922e+01 2.365777e+01
2.050000e+02 7.251039e-02 9.300561e-01 1.816455e+01 2.273000e+01
2.060000e+02 7.186939e-02 9.306524e-01 1.793114e+01 2.251373e+01
2.070000e+02 6.907573e-02 9.332560e-01 1.731704e+01 2.191017e+01
2.080000e+02 6.894242e-02 9.333804e-01 1.723902e+01 2.185153e+01
2.090000e+02 7.003310e-02 9.323630e-01 1.740931e+01 2.204552e+01
2.100000e+02 6.739733e-02 9.348237e-01 1.687216e+01 2.151946e+01
2.110000e+02 6.897036e-02 9.333543e-01 1.715351e+01 2.182660e+01
2.120000e+02 6.622994e-02 9.359156e-01 1.659956e+01 2.128297e+01
2.130000e+02 6.603601e-02 9.360972e-01 1.654800e+01 2.125099e+01
2.140000e+02 6.619768e-02 9.359458e-01 1.657018e+01 2.129417e+01
2.150000e+02 9.403065e-02 9.102549e-01 2.208846e+01 2.691886e+01
2.160000e+02 6.664127e-02 9.355307e-01 1.665353e+01 2.142027e+01
2.170000e+02 6.606991e-02 9.360654e-01 1.653457e+01 2.131948e+01
2.180000e+02 6.635588e-02 9.357978e-01 1.659268e+01 2.139928e+01
2.190000e+02 6.641632e-02 9.357412e-01 1.660833e+01 2.143577e+01
2.200000e+02 6.678222e-02 9.353989e-01 1.668774e+01 2.153728e+01
2.210000e+02 6.704364e-02 9.351544e-01 1.674862e+01 2.161991e+01
2.220000e+02 6.752677e-02 9.347027e-01 1.685887e+01 2.175290e+01
2.230000e+02 6.828829e-02 9.339912e-01 1.703308e+01 2.195112e+01
2.240000e+02 6.960415e-02 9.327630e-01 1.733528e+01 2.227983e+01
2.250000e+02 7.253705e-02 9.300313e-01 1.799351e+01 2.297121e+01
2.260000e+02 9.159692e-02 9.124729e-01 2.176964e+01 2.682836e+01
2.270000e+02 7.344339e-02 9.291887e-01 1.818842e+01 2.321100e+01
2.280000e+02 7.138926e-02 9.310994e-01 1.773301e+01 2.276759e+01
2.290000e+02 7.133441e-02 9.311505e-01 1.770749e+01 2.276213e+01
2.300000e+02 7.237003e-02 9.301866e-01 1.791706e+01 2.299634e+01
2.310000e+02 7.899526e-02 9.240443e-01 1.920880e+01 2.433246e+01
2.320000e+02 7.514012e-02 9.276135e-01 1.851442e+01 2.364626e+01
2.330000e+02 7.870775e-02 9.243100e-01 1.930554e+01 2.447234e+01
2.340000e+02 1.179030e-01 8.887823e-01 2.676717e+01 3.205509e+01
2.350000e+02 8.057662e-02 9.225842e-01 1.968038e+01 2.489517e+01
2.360000e+02 8.556831e-02 9.179904e-01 2.057347e+01 2.582394e+01
2.370000e+02 1.012865e-01 9.036741e-01 2.357871e+01 2.889365e+01
2.380000e+02 7.828268e-02 9.247030e-01 1.920872e+01 2.447725e+01
2.390000e+02 1.199700e-01 8.869471e-01 2.721842e+01 3.261808e+01
2.400000e+02 8.459747e-02 9.188821e-01 2.053710e+01 2.587025e+01
2.410000e+02 8.169520e-02 9.215528e-01 2.004016e+01 2.538562e+01
2.420000e+02 8.911566e-02 9.147398e-01 2.147254e+01 2.686247e+01
2.430000e+02 8.618697e-02 9.174227e-01 2.087531e+01 2.627647e+01
2.440000e+02 8.608352e-02 9.175176e-01 2.083451e+01 2.625580e+01
2.450000e+02 7.992877e-02 9.231821e-01 1.965691e+01 2.507825e+01
2.460000e+02 7.992639e-02 9.231843e-01 1.966958e+01 2.511179e+01
2.470000e+02 8.122380e-02 9.219873e-01 1.994091e+01 2.540878e+01
2.480000e+02 9.982275e-02 9.049978e-01 2.350059e+01 2.904637e+01
2.490000e+02 8.561295e-02 9.179495e-01 2.083986e+01 2.636509e+01
2.500000e+02 1.890913e-01 8.277110e-01 4.019315e+01 4.593133e+01
2.510000e+02 9.150359e-02 9.125580e-01 2.204939e+01 2.763627e+01
2.520000e+02 8.660537e-02 9.170389e-01 2.115127e+01 2.674411e+01
2.530000e+02 8.539945e-02 9.181455e-01 2.093405e+01 2.654385e+01
2.540000e+02 8.631742e-02 9.173030e-01 2.116173e+01 2.679624e+01
2.550000e+02 8.798796e-02 9.157719e-01 2.154802e+01 2.720991e+01
2.560000e+02 8.750462e-02 9.162146e-01 2.144020e+01 2.712100e+01
2.570000e+02 8.757068e-02 9.161541e-01 2.144079e+01 2.714235e+01
2.580000e+02 9.101230e-02 9.130065e-01 2.210942e+01 2.784308e+01
2.590000e+02 9.631938e-02 9.081739e-01 2.312138e+01 2.889213e+01
2.600000e+02 8.939013e-02 9.144887e-01 2.184232e+01 2.761304e+01
2.610000e+02 8.973374e-02 9.141746e-01 2.193448e+01 2.772753e+01
2.620000e+02 9.082193e-02 9.131803e-01 2.217547e+01 2.799339e+01
2.630000e+02 9.801774e-02 9.066328e-01 2.358121e+01 2.944267e+01
2.640000e+02 1.012259e-01 9.037289e-01 2.422662e+01 3.011877e+01
2.650000e+02 1.032546e-01 9.018973e-01 2.470814e+01 3.062832e+01
2.660000e+02 9.685674e-02 9.076860e-01 2.355238e+01 2.947607e+01
2.670000e+02 1.035309e-01 9.016481e-01 2.480095e+01 3.076445e+01
2.680000e+02 9.715787e-02 9.074127e-01 2.359671e+01 2.956283e+01
2.690000e+02 9.634986e-02 9.081462e-01 2.345450e+01 2.943920e+01
2.700000e+02 9.680293e-02 9.077349e-01 2.356253e+01 2.956982e+01
2.710000e+02 9.828730e-02 9.063885e-01 2.387540e+01 2.990854e+01
2.720000e+02 9.960297e-02 9.051967e-01 2.416057e+01 3.021908e+01
2.730000e+02 1.636831e-01 8.490111e-01 3.616130e+01 4.237523e+01
2.740000e+02 1.037600e-01 9.014416e-01 2.501763e+01 3.113108e+01
2.750000e+02 1.047342e-01 9.005638e-01 2.525645e+01 3.139441e+01
2.760000e+02 1.096915e-01 8.961106e-01 2.624976e+01 3.242302e+01
2.770000e+02 1.192173e-01 8.876149e-01 2.808873e+01 3.430748e+01
2.780000e+02 1.054298e-01 8.999377e-01 2.548991e+01 3.169421e+01
2.790000e+02 1.061367e-01 8.993017e-01 2.564119e+01 3.186869e+01
2.800000e+02 1.089562e-01 8.967697e-01 2.620625e+01 3.246296e+01
2.810000e+02 1.111650e-01 8.947911e-01 2.671744e+01 3.300243e+01
2.820000e+02 1.086002e-01 8.970890e-01 2.622104e+01 3.251996e+01
2.830000e+02 1.121614e-01 8.938999e-01 2.692905e+01 3.325906e+01
2.840000e+02 1.104854e-01 8.953994e-01 2.665832e+01 3.300553e+01
2.850000e+02 1.124629e-01 8.936305e-01 2.706781e+01 3.344184e+01
2.860000e+02 1.599888e-01 8.521534e-01 3.577989e+01 4.227206e+01
2.870000e+02 1.163128e-01 8.901967e-01 2.787147e+01 3.429868e+01
2.880000e+02 1.163425e-01 8.901703e-01 2.792186e+01 3.437083e+01
2.890000e+02 2.310261e-01 7.937187e-01 4.862481e+01 5.526997e+01
2.900000e+02 1.185053e-01 8.882471e-01 2.842208e+01 3.491994e+01
2.910000e+02 1.277986e-01 8.800306e-01 3.025256e+01 3.679478e+01
2.920000e+02 1.202932e-01 8.866604e-01 2.885760e+01 3.540344e+01
2.930000e+02 1.339402e-01 8.746423e-01 3.140410e+01 3.800238e+01
2.940000e+02 1.241192e-01 8.832746e-01 2.967661e+01 3.627530e+01
2.950000e+02 1.243907e-01 8.830348e-01 2.979342e+01 3.641475e+01
2.960000e+02 1.262521e-01 8.813926e-01 3.020764e+01 3.685535e+01
2.970000e+02 1.291928e-01 8.788045e-01 3.083865e+01 3.751530e+01
2.980000e+02 1.370206e-01 8.719522e-01 3.241436e+01 3.913061e+01
2.990000e+02 1.386551e-01 8.705282e-01 3.278977e+01 3.953152e+01
3.000000e+02 1.371144e-01 8.718705e-01 3.254010e+01 3.930039e+01
3.010000e+02 1.472397e-01 8.630871e-01 3.446768e+01 4.127003e+01
3.020000e+02 1.715867e-01 8.423273e-01 3.883799e+01 4.570245e+01
3.030000e+02 1.603112e-01 8.518786e-01 3.692295e+01 4.379215e+01
3.040000e+02 1.446912e-01 8.652895e-01 3.423686e+01 4.110104e+01
3.050000e+02 1.494177e-01 8.612093e-01 3.520769e+01 4.210331e+01
3.060000e+02 1.478371e-01 8.625716e-01 3.501808e+01 4.193320e+01
3.070000e+02 1.505301e-01 8.602519e-01 3.562525e+01 4.256796e+01
3.080000e+02 1.541544e-01 8.571397e-01 3.642764e+01 4.339974e+01
3.090000e+02 1.588678e-01 8.531091e-01 3.745644e+01 4.445983e+01
3.100000e+02 1.763188e-01 8.383507e-01 4.079696e+01 4.785093e+01
3.110000e+02 1.702786e-01 8.434298e-01 3.994666e+01 4.701529e+01
3.120000e+02 1.762527e-01 8.384061e-01 4.125105e+01 4.835207e+01
3.130000e+02 1.852264e-01 8.309161e-01 4.317091e+01 5.030851e+01
3.140000e+02 1.966224e-01 8.215008e-01 4.556400e+01 5.274048e+01
3.150000e+02 2.077409e-01 8.124175e-01 4.789222e+01 5.510585e+01
3.160000e+02 2.522976e-01 7.770135e-01 5.587699e+01 6.315662e+01
3.170000e+02 2.498114e-01 7.789477e-01 5.637560e+01 6.367981e+01
3.180000e+02 2.763471e-01 7.585496e-01 6.185877e+01 6.920935e+01
3.190000e+02 3.260070e-01 7.218001e-01 7.138337e+01 7.879043e+01
3.200000e+02 6.506047e-01 5.217302e-01 1.182026e+02 1.257251e+02
