1.000000e+02 6.840271e-02 9.338843e-01 1.787426e+01 2.017885e+01
1.010000e+02 7.003493e-02 9.323613e-01 1.824038e+01 2.056890e+01
1.020000e+02 7.274985e-02 9.298334e-01 1.882368e+01 2.117709e+01
1.030000e+02 7.305162e-02 9.295528e-01 1.894108e+01 2.131725e+01
1.040000e+02 7.629852e-02 9.265396e-01 1.964954e+01 2.205108e+01
1.050000e+02 7.775056e-02 9.251952e-01 2.001237e+01 2.243774e+01
1.060000e+02 8.089487e-02 9.222906e-01 2.072375e+01 2.317436e+01
1.070000e+02 8.478563e-02 9.187092e-01 2.159894e+01 2.407533e+01
1.080000e+02 8.972378e-02 9.141837e-01 2.270217e+01 2.520500e+01
1.090000e+02 9.604990e-02 9.084187e-01 2.410519e+01 2.663522e+01
1.100000e+02 1.045919e-01 9.006920e-01 2.597902e+01 2.853727e+01
1.110000e+02 1.198650e-01 8.870402e-01 2.919452e+01 3.178373e+01
1.120000e+02 1.317313e-01 8.765765e-01 3.185988e+01 3.447765e+01
1.130000e+02 1.563410e-01 8.552675e-01 3.704906e+01 3.969891e+01
1.140000e+02 1.971332e-01 8.210812e-01 4.537500e+01 4.805868e+01
1.150000e+02 2.764540e-01 7.584685e-01 6.057768e+01 6.329715e+01
1.160000e+02 4.344264e-01 6.476360e-01 8.780337e+01 9.055841e+01
1.170000e+02 8.931580e-01 4.093609e-01 1.468915e+02 1.496815e+02
1.180000e+02 3.016149e+00 4.898951e-02 2.416881e+02 2.445087e+02
1.190000e+02 8.183112e+00 2.793313e-04 2.597842e+02 2.626294e+02
1.200000e+02 1.484195e+00 2.266847e-01 1.933520e+02 1.962175e+02
1.210000e+02 5.884025e-01 5.552135e-01 1.106238e+02 1.135025e+02
1.220000e+02 3.320568e-01 7.174465e-01 7.074635e+01 7.363510e+01
1.230000e+02 2.285722e-01 7.956688e-01 5.164412e+01 5.454242e+01
1.240000e+02 1.906424e-01 8.264281e-01 4.385716e+01 4.676960e+01
1.250000e+02 1.507726e-01 8.600432e-01 3.596213e+01 3.888456e+01
1.260000e+02 1.330795e-01 8.753955e-01 3.226370e+01 3.520069e+01
1.270000e+02 1.211541e-01 8.858975e-01 2.975528e+01 3.270821e+01
1.280000e+02 1.145042e-01 8.918082e-01 2.832108e+01 3.129217e+01
1.290000e+02 1.090760e-01 8.966623e-01 2.717528e+01 3.016498e+01
1.300000e+02 1.057964e-01 8.996078e-01 2.647937e+01 2.948896e+01
1.310000e+02 1.042464e-01 9.010032e-01 2.614676e+01 2.917746e+01
1.320000e+02 1.024686e-01 9.026065e-01 2.578606e+01 2.883769e+01
1.330000e+02 1.018555e-01 9.031600e-01 2.566927e+01 2.874274e+01
1.340000e+02 1.016822e-01 9.033166e-01 2.565219e+01 2.874789e+01
1.350000e+02 1.017963e-01 9.032135e-01 2.569934e+01 2.881754e+01
1.360000e+02 1.024343e-01 9.026374e-01 2.586009e+01 2.900126e+01
1.370000e+02 1.046695e-01 9.006221e-01 2.634583e+01 2.951134e+01
1.380000e+02 1.051939e-01 9.001500e-01 2.652605e+01 2.971462e+01
1.390000e+02 1.063776e-01 8.990851e-01 2.680826e+01 3.002030e+01
1.400000e+02 1.071177e-01 8.984199e-01 2.697936e+01 3.021442e+01
1.410000e+02 1.082211e-01 8.974292e-01 2.723926e+01 3.049770e+01
1.420000e+02 1.173703e-01 8.892559e-01 2.905854e+01 3.234644e+01
1.430000e+02 1.135623e-01 8.926485e-01 2.847217e+01 3.178022e+01
1.440000e+02 1.157264e-01 8.907189e-01 2.898389e+01 3.231628e+01
1.450000e+02 1.222821e-01 8.848987e-01 3.023943e+01 3.359886e+01
1.460000e+02 1.161699e-01 8.903239e-01 2.910063e+01 3.247821e+01
1.470000e+02 1.175197e-01 8.891230e-01 2.941806e+01 3.281922e+01
1.480000e+02 1.195580e-01 8.873125e-01 2.988332e+01 3.330863e+01
1.490000e+02 1.225802e-01 8.846350e-01 3.054598e+01 3.399617e+01
1.500000e+02 1.248397e-01 8.826384e-01 3.108290e+01 3.455745e+01
1.510000e+02 1.286013e-01 8.793245e-01 3.190770e+01 3.540761e+01
1.520000e+02 1.302184e-01 8.779037e-01 3.232587e+01 3.584968e+01
1.530000e+02 1.324574e-01 8.759402e-01 3.284089e+01 3.638892e+01
1.540000e+02 1.445905e-01 8.653766e-01 3.524794e+01 3.882619e+01
1.550000e+02 1.385204e-01 8.706455e-01 3.422045e+01 3.781800e+01
1.560000e+02 1.423601e-01 8.673089e-01 3.507991e+01 3.870271e+01
1.570000e+02 1.459803e-01 8.641747e-01 3.590940e+01 3.955728e+01
1.580000e+02 1.502730e-01 8.604731e-01 3.687526e+01 4.054856e+01
1.590000e+02 1.550556e-01 8.563676e-01 3.794521e+01 4.164415e+01
1.600000e+02 1.603707e-01 8.518279e-01 3.912869e+01 4.285348e+01
1.610000e+02 1.662105e-01 8.468679e-01 4.042305e+01 4.417387e+01
1.620000e+02 1.727465e-01 8.413508e-01 4.186285e+01 4.563992e+01
1.630000e+02 1.802025e-01 8.351011e-01 4.349240e+01 4.729601e+01
1.640000e+02 1.888790e-01 8.278867e-01 4.536678e+01 4.919727e+01
1.650000e+02 2.124155e-01 8.086287e-01 4.990343e+01 5.376565e+01
1.660000e+02 2.165686e-01 8.052773e-01 5.099799e+01 5.488503e+01
1.670000e+02 2.228964e-01 8.001978e-01 5.260560e+01 5.651829e+01
1.680000e+02 2.381712e-01 7.880678e-01 5.579119e+01 5.973189e+01
1.690000e+02 2.571154e-01 7.732790e-01 5.965959e+01 6.362882e+01
1.700000e+02 2.793015e-01 7.563118e-01 6.412456e+01 6.812251e+01
1.710000e+02 3.072355e-01 7.354773e-01 6.959629e+01 7.362343e+01
1.720000e+02 3.427121e-01 7.098425e-01 7.632991e+01 8.038663e+01
1.730000e+02 3.887324e-01 6.779157e-01 8.471737e+01 8.880404e+01
1.740000e+02 4.496506e-01 6.378510e-01 9.525769e+01 9.937456e+01
1.750000e+02 5.340080e-01 5.862506e-01 1.088181e+02 1.129654e+02
1.760000e+02 6.528148e-01 5.205784e-01 1.261194e+02 1.302971e+02
1.770000e+02 8.228805e-01 4.391648e-01 1.477662e+02 1.519740e+02
1.780000e+02 1.092024e+00 3.355367e-01 1.753522e+02 1.795897e+02
1.790000e+02 1.541453e+00 2.140698e-01 2.079522e+02 2.122185e+02
1.800000e+02 2.358175e+00 9.459273e-02 2.405744e+02 2.448684e+02
1.810000e+02 3.978516e+00 1.871340e-02 2.622865e+02 2.666062e+02
1.820000e+02 7.366025e+00 6.323772e-04 2.685234e+02 2.728674e+02
1.830000e+02 1.237708e+01 4.214070e-06 2.692465e+02 2.736143e+02
1.840000e+02 1.039635e+01 3.054369e-05 2.690688e+02 2.734603e+02
1.850000e+02 5.740082e+00 3.214505e-03 2.672758e+02 2.716909e+02
1.860000e+02 3.280265e+00 3.761828e-02 2.565473e+02 2.609852e+02
1.870000e+02 2.081801e+00 1.247054e-01 2.321045e+02 2.365634e+02
1.880000e+02 1.447409e+00 2.351788e-01 2.020740e+02 2.065524e+02
1.890000e+02 1.080170e+00 3.395379e-01 1.740897e+02 1.785866e+02
1.900000e+02 8.513397e-01 4.268427e-01 1.508430e+02 1.553577e+02
1.910000e+02 7.004471e-01 4.963633e-01 1.324052e+02 1.369374e+02
1.920000e+02 5.966716e-01 5.506413e-01 1.180437e+02 1.225932e+02
1.930000e+02 5.240103e-01 5.921411e-01 1.070564e+02 1.116236e+02
1.940000e+02 4.701947e-01 6.248806e-01 9.841122e+01 1.029964e+02
1.950000e+02 4.287863e-01 6.512991e-01 9.136943e+01 9.597266e+01
1.960000e+02 3.946140e-01 6.739401e-01 8.541011e+01 9.003148e+01
1.970000e+02 3.660062e-01 6.934985e-01 8.035232e+01 8.499196e+01
1.980000e+02 3.460116e-01 7.075043e-01 7.666156e+01 8.132030e+01
1.990000e+02 3.305394e-01 7.185361e-01 7.374927e+01 7.842762e+01
2.000000e+02 3.195399e-01 7.264832e-01 7.164045e+01 7.633915e+01
2.010000e+02 3.189403e-01 7.269189e-01 7.127414e+01 7.599537e+01
2.020000e+02 3.110009e-01 7.327132e-01 6.997150e+01 7.471395e+01
2.030000e+02 3.160438e-01 7.290275e-01 7.087772e+01 7.564442e+01
2.040000e+02 3.068699e-01 7.357463e-01 6.912824e+01 7.391544e+01
2.050000e+02 2.894246e-01 7.486942e-01 6.577745e+01 7.058243e+01
2.060000e+02 2.806293e-01 7.553083e-01 6.398399e+01 6.880887e+01
2.070000e+02 2.731210e-01 7.610007e-01 6.253983e+01 6.738504e+01
2.080000e+02 2.694812e-01 7.637757e-01 6.177340e+01 6.664005e+01
2.090000e+02 2.679000e-01 7.649843e-01 6.137789e+01 6.626663e+01
2.100000e+02 2.635666e-01 7.683065e-01 6.058536e+01 6.549538e+01
2.110000e+02 2.635591e-01 7.683122e-01 6.049893e+01 6.543159e+01
2.120000e+02 2.596623e-01 7.713120e-01 5.980009e+01 6.475413e+01
2.130000e+02 2.587075e-01 7.720488e-01 5.959974e+01 6.457614e+01
2.140000e+02 2.584065e-01 7.722812e-01 5.952128e+01 6.452029e+01
2.150000e+02 2.856581e-01 7.515195e-01 6.400583e+01 6.903655e+01
2.160000e+02 2.586267e-01 7.721112e-01 5.953842e+01 6.458300e+01
2.170000e+02 2.582453e-01 7.724057e-01 5.947393e+01 6.454113e+01
2.180000e+02 2.588898e-01 7.719081e-01 5.959102e+01 6.468124e+01
2.190000e+02 2.594753e-01 7.714563e-01 5.970666e+01 6.481987e+01
2.200000e+02 2.605572e-01 7.706221e-01 5.991350e+01 6.504992e+01
2.210000e+02 2.617574e-01 7.696978e-01 6.014977e+01 6.530945e+01
2.220000e+02 2.635110e-01 7.683492e-01 6.049316e+01 6.567635e+01
2.230000e+02 2.661301e-01 7.663394e-01 6.100623e+01 6.621330e+01
2.240000e+02 2.705590e-01 7.629529e-01 6.187240e+01 6.710410e+01
2.250000e+02 2.792155e-01 7.563769e-01 6.353405e+01 6.879201e+01
2.260000e+02 3.033212e-01 7.383619e-01 6.758721e+01 7.287589e+01
2.270000e+02 2.812235e-01 7.548596e-01 6.390947e+01 6.921378e+01
2.280000e+02 2.762531e-01 7.586209e-01 6.296462e+01 6.828971e+01
2.290000e+02 2.755434e-01 7.591595e-01 6.281227e+01 6.815979e+01
2.300000e+02 2.769667e-01 7.580797e-01 6.305896e+01 6.842977e+01
2.310000e+02 2.843964e-01 7.524683e-01 6.428087e+01 6.967707e+01
2.320000e+02 2.819188e-01 7.543349e-01 6.397509e+01 6.939340e+01
2.330000e+02 2.867928e-01 7.506673e-01 6.487773e+01 7.032073e+01
2.340000e+02 3.268531e-01 7.211897e-01 7.116699e+01 7.664503e+01
2.350000e+02 2.914045e-01 7.472134e-01 6.571607e+01 7.120638e+01
2.360000e+02 2.980044e-01 7.422981e-01 6.675940e+01 7.227466e+01
2.370000e+02 3.153499e-01 7.295336e-01 6.952844e+01 7.507199e+01
2.380000e+02 2.949853e-01 7.445425e-01 6.646580e+01 7.202601e+01
2.390000e+02 3.390281e-01 7.124625e-01 7.342546e+01 7.902186e+01
2.400000e+02 3.085065e-01 7.345432e-01 6.892374e+01 7.453456e+01
2.410000e+02 3.126112e-01 7.315343e-01 6.984327e+01 7.547872e+01
2.420000e+02 3.234352e-01 7.236588e-01 7.162988e+01 7.729159e+01
2.430000e+02 3.168167e-01 7.284643e-01 7.047165e+01 7.615396e+01
2.440000e+02 3.151578e-01 7.296737e-01 7.014379e+01 7.584827e+01
2.450000e+02 3.094770e-01 7.338307e-01 6.928257e+01 7.500811e+01
2.460000e+02 3.106667e-01 7.329581e-01 6.951724e+01 7.526604e+01
2.470000e+02 3.135324e-01 7.308607e-01 7.003107e+01 7.580372e+01
2.480000e+02 3.336832e-01 7.162807e-01 7.317440e+01 7.897604e+01
2.490000e+02 3.216142e-01 7.249778e-01 7.144622e+01 7.726733e+01
2.500000e+02 4.255140e-01 6.534338e-01 8.698313e+01 9.285302e+01
2.510000e+02 3.319500e-01 7.175232e-01 7.323937e+01 7.910962e+01
2.520000e+02 3.298503e-01 7.190314e-01 7.304658e+01 7.893928e+01
2.530000e+02 3.322396e-01 7.173154e-01 7.354447e+01 7.946096e+01
2.540000e+02 3.385528e-01 7.128011e-01 7.472171e+01 8.066330e+01
2.550000e+02 3.466030e-01 7.070860e-01 7.618171e+01 8.214887e+01
2.560000e+02 3.446552e-01 7.084646e-01 7.584265e+01 8.183202e+01
2.570000e+02 3.437727e-01 7.090901e-01 7.566990e+01 8.168178e+01
2.580000e+02 3.485132e-01 7.057366e-01 7.642905e+01 8.246520e+01
2.590000e+02 3.551515e-01 7.010672e-01 7.746449e+01 8.352542e+01
2.600000e+02 3.502093e-01 7.045406e-01 7.682404e+01 8.290662e+01
2.610000e+02 3.528342e-01 7.026937e-01 7.731022e+01 8.341655e+01
2.620000e+02 3.565604e-01 7.000802e-01 7.797589e+01 8.410630e+01
2.630000e+02 3.668133e-01 6.929390e-01 7.961512e+01 8.577140e+01
2.640000e+02 3.739421e-01 6.880168e-01 8.081530e+01 8.699659e+01
2.650000e+02 3.815641e-01 6.827926e-01 8.217732e+01 8.838386e+01
2.660000e+02 3.821808e-01 6.823717e-01 8.251753e+01 8.874755e+01
2.670000e+02 3.885517e-01 6.780381e-01 8.342950e+01 8.968397e+01
2.680000e+02 3.809990e-01 6.831786e-01 8.230774e+01 8.858315e+01
2.690000e+02 3.809502e-01 6.832119e-01 8.233207e+01 8.863041e+01
2.700000e+02 3.832130e-01 6.816677e-01 8.273258e+01 8.905449e+01
2.710000e+02 3.870545e-01 6.790541e-01 8.338357e+01 8.972950e+01
2.720000e+02 3.911176e-01 6.763006e-01 8.408121e+01 9.045124e+01
2.730000e+02 4.574083e-01 6.329219e-01 9.350987e+01 9.991771e+01
2.740000e+02 4.006047e-01 6.699148e-01 8.565618e+01 9.207469e+01
2.750000e+02 4.042526e-01 6.674755e-01 8.629717e+01 9.273967e+01
2.760000e+02 4.120569e-01 6.622866e-01 8.752973e+01 9.399719e+01
2.770000e+02 4.244722e-01 6.541149e-01 8.939401e+01 9.588743e+01
2.780000e+02 4.139396e-01 6.610409e-01 8.801590e+01 9.452998e+01
2.790000e+02 4.178142e-01 6.584845e-01 8.866936e+01 9.520743e+01
2.800000e+02 4.239041e-01 6.544867e-01 8.964177e+01 9.620434e+01
2.810000e+02 4.295956e-01 6.507722e-01 9.060450e+01 9.719155e+01
2.820000e+02 4.305429e-01 6.501560e-01 9.083494e+01 9.744528e+01
2.830000e+02 4.380204e-01 6.453126e-01 9.200920e+01 9.864435e+01
2.840000e+02 4.396923e-01 6.442346e-01 9.237184e+01 9.903049e+01
2.850000e+02 4.448649e-01 6.409109e-01 9.320120e+01 9.988409e+01
2.860000e+02 4.953307e-01 6.093693e-01 9.998881e+01 1.067046e+02
2.870000e+02 4.558786e-01 6.338908e-01 9.496513e+01 1.016966e+02
2.880000e+02 4.597630e-01 6.314333e-01 9.563329e+01 1.023888e+02
2.890000e+02 5.766796e-01 5.617605e-01 1.108220e+02 1.176206e+02
2.900000e+02 4.700328e-01 6.249817e-01 9.731025e+01 1.041142e+02
2.910000e+02 4.836361e-01 6.165375e-01 9.929896e+01 1.061288e+02
2.920000e+02 4.804882e-01 6.184814e-01 9.901599e+01 1.058683e+02
2.930000e+02 4.984556e-01 6.074681e-01 1.015006e+02 1.083795e+02
2.940000e+02 4.936132e-01 6.104168e-01 1.010741e+02 1.079754e+02
2.950000e+02 4.987938e-01 6.072627e-01 1.019304e+02 1.088559e+02
2.960000e+02 5.057790e-01 6.030356e-01 1.030225e+02 1.099725e+02
2.970000e+02 5.141005e-01 5.980383e-01 1.042969e+02 1.112717e+02
2.980000e+02 5.274802e-01 5.900900e-01 1.062361e+02 1.132365e+02
2.990000e+02 5.350684e-01 5.856292e-01 1.074027e+02 1.144276e+02
3.000000e+02 5.398947e-01 5.828096e-01 1.082011e+02 1.152501e+02
3.010000e+02 5.566644e-01 5.731175e-01 1.105011e+02 1.175761e+02
3.020000e+02 5.878403e-01 5.555258e-01 1.144394e+02 1.215422e+02
3.030000e+02 5.846576e-01 5.572967e-01 1.143443e+02 1.214701e+02
3.040000e+02 5.782549e-01 5.608763e-01 1.139155e+02 1.210638e+02
3.050000e+02 5.928508e-01 5.527492e-01 1.159800e+02 1.231539e+02
3.060000e+02 6.010017e-01 5.482622e-01 1.172570e+02 1.244554e+02
3.070000e+02 6.148041e-01 5.407468e-01 1.192242e+02 1.264480e+02
3.080000e+02 6.315886e-01 5.317464e-01 1.215744e+02 1.288239e+02
3.090000e+02 6.522951e-01 5.208490e-01 1.244142e+02 1.316899e+02
3.100000e+02 6.897359e-01 5.017085e-01 1.291235e+02 1.364272e+02
3.110000e+02 7.040396e-01 4.945833e-01 1.312726e+02 1.386015e+02
3.120000e+02 7.314728e-01 4.811998e-01 1.347916e+02 1.421470e+02
3.130000e+02 7.712883e-01 4.624170e-01 1.397019e+02 1.470849e+02
3.140000e+02 8.192115e-01 4.407791e-01 1.453504e+02 1.527613e+02
3.150000e+02 8.678351e-01 4.198595e-01 1.508592e+02 1.582977e+02
3.160000e+02 9.669649e-01 3.802354e-01 1.606981e+02 1.681670e+02
3.170000e+02 1.043991e+00 3.520467e-01 1.686584e+02 1.761557e+02
3.180000e+02 1.181984e+00 3.066698e-01 1.807748e+02 1.883025e+02
3.190000e+02 1.408146e+00 2.445964e-01 1.972910e+02 2.048505e+02
3.200000e+02 2.045613e+00 1.293009e-01 2.267227e+02 2.343176e+02
