1.000000e+02 2.865141e-02 9.717552e-01 7.762369e+00 9.970218e+00
1.010000e+02 2.948373e-02 9.709467e-01 7.934788e+00 1.016654e+01
1.020000e+02 3.145619e-02 9.690334e-01 8.340087e+00 1.059998e+01
1.030000e+02 3.084538e-02 9.696255e-01 8.237394e+00 1.051608e+01
1.040000e+02 3.332040e-02 9.672286e-01 8.766595e+00 1.107539e+01
1.050000e+02 3.390613e-02 9.666622e-01 8.925151e+00 1.125740e+01
1.060000e+02 3.624621e-02 9.644028e-01 9.453882e+00 1.181552e+01
1.070000e+02 3.935257e-02 9.614117e-01 1.015650e+01 1.254947e+01
1.080000e+02 4.353854e-02 9.573957e-01 1.110223e+01 1.352875e+01
1.090000e+02 4.915890e-02 9.520298e-01 1.236882e+01 1.483096e+01
1.100000e+02 5.708700e-02 9.445119e-01 1.414283e+01 1.664310e+01
1.110000e+02 7.208704e-02 9.304499e-01 1.736862e+01 1.991358e+01
1.120000e+02 8.338047e-02 9.200011e-01 1.998701e+01 2.256800e+01
1.130000e+02 1.080252e-01 8.976050e-01 2.533368e+01 2.795765e+01
1.140000e+02 1.495443e-01 8.611003e-01 3.406130e+01 3.672898e+01
1.150000e+02 2.312894e-01 7.935098e-01 5.018410e+01 5.289569e+01
1.160000e+02 3.949637e-01 6.737045e-01 7.914230e+01 8.189433e+01
1.170000e+02 8.716003e-01 4.182816e-01 1.415444e+02 1.443337e+02
1.180000e+02 3.069205e+00 4.645807e-02 2.384077e+02 2.412282e+02
1.190000e+02 8.381906e+00 2.289732e-04 2.560231e+02 2.588681e+02
1.200000e+02 1.479578e+00 2.277338e-01 1.893373e+02 1.922025e+02
1.210000e+02 5.465455e-01 5.789464e-01 1.020492e+02 1.049259e+02
1.220000e+02 2.794760e-01 7.561799e-01 5.915277e+01 6.203427e+01
1.230000e+02 1.711676e-01 8.426803e-01 3.836007e+01 4.124121e+01
1.240000e+02 1.308982e-01 8.773071e-01 2.970720e+01 3.259223e+01
1.250000e+02 8.807265e-02 9.156943e-01 2.082771e+01 2.370083e+01
1.260000e+02 6.839232e-02 9.338940e-01 1.649346e+01 1.935983e+01
1.270000e+02 5.468451e-02 9.467838e-01 1.343915e+01 1.629715e+01
1.280000e+02 4.643074e-02 9.546307e-01 1.154259e+01 1.439633e+01
1.290000e+02 3.944878e-02 9.613192e-01 9.957810e+00 1.280485e+01
1.300000e+02 3.464949e-02 9.659439e-01 8.850017e+00 1.169343e+01
1.310000e+02 3.157295e-02 9.689203e-01 8.120847e+00 1.096560e+01
1.320000e+02 2.829497e-02 9.721016e-01 7.365997e+00 1.020796e+01
1.330000e+02 2.613011e-02 9.742083e-01 6.855045e+00 9.698984e+00
1.340000e+02 2.435156e-02 9.759425e-01 6.435180e+00 9.282317e+00
1.350000e+02 2.281344e-02 9.774448e-01 6.070679e+00 8.921474e+00
1.360000e+02 2.170326e-02 9.785306e-01 5.802257e+00 8.659611e+00
1.370000e+02 2.193113e-02 9.783076e-01 5.812791e+00 8.689599e+00
1.380000e+02 1.988622e-02 9.803102e-01 5.364892e+00 8.237331e+00
1.390000e+02 1.922324e-02 9.809604e-01 5.202125e+00 8.083981e+00
1.400000e+02 1.890414e-02 9.812734e-01 5.115215e+00 8.010465e+00
1.410000e+02 1.839517e-02 9.817730e-01 4.985938e+00 7.891689e+00
1.420000e+02 2.559363e-02 9.747311e-01 6.424907e+00 9.425279e+00
1.430000e+02 1.797261e-02 9.821879e-01 4.864519e+00 7.799096e+00
1.440000e+02 1.735557e-02 9.827942e-01 4.724055e+00 7.667312e+00
1.450000e+02 2.402292e-02 9.762633e-01 6.083227e+00 9.124641e+00
1.460000e+02 1.665680e-02 9.834812e-01 4.550583e+00 7.517504e+00
1.470000e+02 1.632441e-02 9.838081e-01 4.470404e+00 7.449212e+00
1.480000e+02 1.631726e-02 9.838151e-01 4.459026e+00 7.454860e+00
1.490000e+02 1.706428e-02 9.830805e-01 4.603718e+00 7.628578e+00
1.500000e+02 1.669650e-02 9.834421e-01 4.528889e+00 7.565954e+00
1.510000e+02 1.748948e-02 9.826626e-01 4.682006e+00 7.748709e+00
1.520000e+02 1.618311e-02 9.839471e-01 4.405494e+00 7.468372e+00
1.530000e+02 1.591276e-02 9.842132e-01 4.336693e+00 7.411577e+00
1.540000e+02 2.540655e-02 9.749135e-01 6.309444e+00 9.532028e+00
1.550000e+02 1.574442e-02 9.843789e-01 4.286981e+00 7.392921e+00
1.560000e+02 1.596695e-02 9.841598e-01 4.327993e+00 7.455135e+00
1.570000e+02 1.566360e-02 9.844584e-01 4.261149e+00 7.399997e+00
1.580000e+02 1.567024e-02 9.844519e-01 4.258922e+00 7.415124e+00
1.590000e+02 1.574458e-02 9.843787e-01 4.271799e+00 7.446704e+00
1.600000e+02 1.585073e-02 9.842742e-01 4.292252e+00 7.486543e+00
1.610000e+02 1.596160e-02 9.841651e-01 4.314619e+00 7.528469e+00
1.620000e+02 1.611463e-02 9.840145e-01 4.346585e+00 7.580867e+00
1.630000e+02 1.636268e-02 9.837705e-01 4.399553e+00 7.656163e+00
1.640000e+02 1.686102e-02 9.832803e-01 4.505139e+00 7.788728e+00
1.650000e+02 3.176706e-02 9.687322e-01 7.600937e+00 1.109321e+01
1.660000e+02 2.466598e-02 9.756357e-01 6.093491e+00 9.528124e+00
1.670000e+02 1.787572e-02 9.822831e-01 4.733964e+00 8.090248e+00
1.680000e+02 1.803603e-02 9.821256e-01 4.778420e+00 8.156160e+00
1.690000e+02 1.876968e-02 9.814054e-01 4.949290e+00 8.358891e+00
1.700000e+02 1.892971e-02 9.812483e-01 5.000452e+00 8.431994e+00
1.710000e+02 1.950287e-02 9.806861e-01 5.143608e+00 8.604356e+00
1.720000e+02 2.039240e-02 9.798141e-01 5.361950e+00 8.857302e+00
1.730000e+02 2.174870e-02 9.784861e-01 5.687962e+00 9.224830e+00
1.740000e+02 2.349489e-02 9.767790e-01 6.113350e+00 9.696678e+00
1.750000e+02 2.712350e-02 9.732410e-01 6.949870e+00 1.060040e+01
1.760000e+02 3.175260e-02 9.687462e-01 8.010660e+00 1.173152e+01
1.770000e+02 3.300940e-02 9.675295e-01 8.458985e+00 1.221807e+01
1.780000e+02 3.914235e-02 9.616138e-01 9.981728e+00 1.381565e+01
1.790000e+02 5.008235e-02 9.511511e-01 1.265408e+01 1.658013e+01
1.800000e+02 7.200533e-02 9.305259e-01 1.786853e+01 2.190468e+01
1.810000e+02 1.106876e-01 8.952183e-01 2.688941e+01 3.103035e+01
1.820000e+02 1.976114e-01 8.206887e-01 4.568082e+01 4.992084e+01
1.830000e+02 3.499532e-01 7.047211e-01 7.382118e+01 7.813023e+01
1.840000e+02 2.852857e-01 7.517994e-01 6.257170e+01 6.688989e+01
1.850000e+02 1.580490e-01 8.538080e-01 3.723064e+01 4.151181e+01
1.860000e+02 9.375055e-02 9.105099e-01 2.295363e+01 2.717299e+01
1.870000e+02 6.389085e-02 9.381074e-01 1.592463e+01 2.007875e+01
1.880000e+02 4.824719e-02 9.528982e-01 1.214457e+01 1.624027e+01
1.890000e+02 3.920864e-02 9.615501e-01 9.930681e+00 1.397890e+01
1.900000e+02 3.357652e-02 9.669809e-01 8.539176e+00 1.255119e+01
1.910000e+02 2.995353e-02 9.704906e-01 7.634872e+00 1.162181e+01
1.920000e+02 2.755746e-02 9.728188e-01 7.029626e+00 1.100112e+01
1.930000e+02 2.656087e-02 9.737888e-01 6.739962e+00 1.071197e+01
1.940000e+02 2.522370e-02 9.750918e-01 6.408296e+00 1.037656e+01
1.950000e+02 2.680626e-02 9.735498e-01 6.666921e+00 1.067083e+01
1.960000e+02 2.590212e-02 9.744305e-01 6.444027e+00 1.045110e+01
1.970000e+02 2.260985e-02 9.776438e-01 5.752361e+00 9.725492e+00
1.980000e+02 2.236684e-02 9.778814e-01 5.685002e+00 9.670365e+00
1.990000e+02 2.217898e-02 9.780652e-01 5.626774e+00 9.624969e+00
2.000000e+02 2.259744e-02 9.776560e-01 5.710885e+00 9.733875e+00
2.010000e+02 2.935708e-02 9.710696e-01 7.076781e+00 1.121708e+01
2.020000e+02 2.239162e-02 9.778572e-01 5.654289e+00 9.707866e+00
2.030000e+02 2.188144e-02 9.783562e-01 5.538973e+00 9.600098e+00
2.040000e+02 2.153466e-02 9.786956e-01 5.451807e+00 9.522634e+00
2.050000e+02 2.103533e-02 9.791844e-01 5.326503e+00 9.403158e+00
2.060000e+02 2.248394e-02 9.777669e-01 5.606085e+00 9.725915e+00
2.070000e+02 2.089697e-02 9.793199e-01 5.274540e+00 9.381010e+00
2.080000e+02 2.170625e-02 9.785276e-01 5.429207e+00 9.567857e+00
2.090000e+02 2.356218e-02 9.767132e-01 5.793894e+00 9.983071e+00
2.100000e+02 2.129986e-02 9.789254e-01 5.339122e+00 9.503954e+00
2.110000e+02 2.336437e-02 9.769065e-01 5.749826e+00 9.970335e+00
2.120000e+02 2.087007e-02 9.793462e-01 5.245294e+00 9.435468e+00
2.130000e+02 2.089511e-02 9.793217e-01 5.248253e+00 9.455993e+00
2.140000e+02 2.121187e-02 9.790115e-01 5.310641e+00 9.541940e+00
2.150000e+02 4.980941e-02 9.514107e-01 1.115779e+01 1.575792e+01
2.160000e+02 2.178015e-02 9.784553e-01 5.429562e+00 9.707302e+00
2.170000e+02 2.117841e-02 9.790443e-01 5.301042e+00 9.583140e+00
2.180000e+02 2.139986e-02 9.788275e-01 5.346119e+00 9.650059e+00
2.190000e+02 2.136393e-02 9.788627e-01 5.338919e+00 9.659357e+00
2.200000e+02 2.157871e-02 9.786524e-01 5.384112e+00 9.726409e+00
2.210000e+02 2.164029e-02 9.785922e-01 5.397739e+00 9.758665e+00
2.220000e+02 2.183761e-02 9.783991e-01 5.440996e+00 9.823579e+00
2.230000e+02 2.216694e-02 9.780769e-01 5.513896e+00 9.921126e+00
2.240000e+02 2.273908e-02 9.775175e-01 5.642033e+00 1.007933e+01
2.250000e+02 2.428315e-02 9.760093e-01 5.981826e+00 1.046885e+01
2.260000e+02 4.238180e-02 9.585038e-01 9.650368e+00 1.439902e+01
2.270000e+02 2.499140e-02 9.753183e-01 6.134210e+00 1.067014e+01
2.280000e+02 2.368167e-02 9.765965e-01 5.846244e+00 1.037285e+01
2.290000e+02 2.382586e-02 9.764557e-01 5.869536e+00 1.041577e+01
2.300000e+02 2.481400e-02 9.754913e-01 6.074608e+00 1.065764e+01
2.310000e+02 3.144272e-02 9.690465e-01 7.402360e+00 1.211141e+01
2.320000e+02 2.713222e-02 9.732325e-01 6.581464e+00 1.124450e+01
2.330000e+02 3.045845e-02 9.700007e-01 7.343282e+00 1.208416e+01
2.340000e+02 6.999642e-02 9.323972e-01 1.513105e+01 2.022928e+01
2.350000e+02 3.175396e-02 9.687449e-01 7.587623e+00 1.238229e+01
2.360000e+02 3.650724e-02 9.641511e-01 8.441800e+00 1.331134e+01
2.370000e+02 5.228167e-02 9.490615e-01 1.154254e+01 1.658462e+01
2.380000e+02 2.800746e-02 9.723811e-01 6.740000e+00 1.152265e+01
2.390000e+02 6.997322e-02 9.324188e-01 1.506573e+01 2.026261e+01
2.400000e+02 3.261636e-02 9.679098e-01 7.699243e+00 1.259237e+01
2.410000e+02 2.791859e-02 9.724675e-01 6.747199e+00 1.158350e+01
2.420000e+02 3.473731e-02 9.658591e-01 8.079272e+00 1.303522e+01
2.430000e+02 3.271314e-02 9.678162e-01 7.676232e+00 1.262188e+01
2.440000e+02 3.303508e-02 9.675046e-01 7.737705e+00 1.270589e+01
2.450000e+02 2.661390e-02 9.737371e-01 6.458347e+00 1.133912e+01
2.460000e+02 2.633204e-02 9.740116e-01 6.403801e+00 1.129692e+01
2.470000e+02 2.728669e-02 9.730822e-01 6.601170e+00 1.153008e+01
2.480000e+02 4.590609e-02 9.551317e-01 1.028954e+01 1.548568e+01
2.490000e+02 3.091088e-02 9.695620e-01 7.344796e+00 1.237265e+01
2.500000e+02 1.370365e-01 8.719384e-01 2.795456e+01 3.359731e+01
2.510000e+02 3.577728e-02 9.648552e-01 8.356665e+00 1.349535e+01
2.520000e+02 3.011471e-02 9.703342e-01 7.235706e+00 1.230801e+01
2.530000e+02 2.801115e-02 9.723775e-01 6.787538e+00 1.183855e+01
2.540000e+02 2.760883e-02 9.727688e-01 6.700476e+00 1.176100e+01
2.550000e+02 2.770180e-02 9.726784e-01 6.722567e+00 1.180261e+01
2.560000e+02 2.763065e-02 9.727476e-01 6.704926e+00 1.180079e+01
2.570000e+02 2.796412e-02 9.724233e-01 6.770689e+00 1.189015e+01
2.580000e+02 3.118664e-02 9.692947e-01 7.413417e+00 1.260694e+01
2.590000e+02 3.638780e-02 9.642663e-01 8.435684e+00 1.372519e+01
2.600000e+02 2.874402e-02 9.716652e-01 6.935680e+00 1.212283e+01
2.610000e+02 2.853702e-02 9.718663e-01 6.897696e+00 1.209884e+01
2.620000e+02 2.900299e-02 9.714136e-01 6.997222e+00 1.222502e+01
2.630000e+02 3.555300e-02 9.650716e-01 8.308863e+00 1.366163e+01
2.640000e+02 3.784715e-02 9.628601e-01 8.761092e+00 1.416399e+01
2.650000e+02 3.863976e-02 9.620972e-01 8.960521e+00 1.439512e+01
2.660000e+02 3.026741e-02 9.701861e-01 7.280870e+00 1.260437e+01
2.670000e+02 3.729936e-02 9.633877e-01 8.664714e+00 1.411538e+01
2.680000e+02 3.105129e-02 9.694258e-01 7.436067e+00 1.280841e+01
2.690000e+02 3.004994e-02 9.703971e-01 7.241142e+00 1.261379e+01
2.700000e+02 3.008496e-02 9.703631e-01 7.252747e+00 1.264398e+01
2.710000e+02 3.100284e-02 9.694728e-01 7.444432e+00 1.287036e+01
2.720000e+02 3.169084e-02 9.688060e-01 7.590410e+00 1.304669e+01
2.730000e+02 9.649818e-02 9.080116e-01 2.035680e+01 2.636746e+01
2.740000e+02 3.467600e-02 9.659183e-01 8.204362e+00 1.374672e+01
2.750000e+02 3.500170e-02 9.656038e-01 8.300388e+00 1.386814e+01
2.760000e+02 3.930356e-02 9.614588e-01 9.193540e+00 1.484436e+01
2.770000e+02 4.832537e-02 9.528237e-01 1.100564e+01 1.678418e+01
2.780000e+02 3.350018e-02 9.670547e-01 8.012946e+00 1.361113e+01
2.790000e+02 3.345588e-02 9.670976e-01 7.988113e+00 1.360197e+01
2.800000e+02 3.547722e-02 9.651447e-01 8.392570e+00 1.405696e+01
2.810000e+02 3.669321e-02 9.639718e-01 8.697572e+00 1.440333e+01
2.820000e+02 3.342361e-02 9.671288e-01 7.994032e+00 1.366154e+01
2.830000e+02 3.608162e-02 9.645616e-01 8.524118e+00 1.425246e+01
2.840000e+02 3.357784e-02 9.669796e-01 8.035144e+00 1.374153e+01
2.850000e+02 3.481344e-02 9.657856e-01 8.288730e+00 1.403395e+01
2.860000e+02 8.253899e-02 9.207755e-01 1.756840e+01 2.377460e+01
2.870000e+02 3.698751e-02 9.636882e-01 8.734215e+00 1.455047e+01
2.880000e+02 3.607391e-02 9.645690e-01 8.558500e+00 1.437890e+01
2.890000e+02 1.530685e-01 8.580709e-01 3.103656e+01 3.754546e+01
2.900000e+02 3.625835e-02 9.643911e-01 8.611354e+00 1.447165e+01
2.910000e+02 4.441757e-02 9.565544e-01 1.029878e+01 1.629630e+01
2.920000e+02 3.593867e-02 9.646995e-01 8.563999e+00 1.445616e+01
2.930000e+02 4.895971e-02 9.522195e-01 1.112056e+01 1.720417e+01
2.940000e+02 3.755270e-02 9.631437e-01 8.901159e+00 1.485571e+01
2.950000e+02 3.658980e-02 9.640715e-01 8.728106e+00 1.468692e+01
2.960000e+02 3.721092e-02 9.634729e-01 8.871625e+00 1.485966e+01
2.970000e+02 3.885425e-02 9.618909e-01 9.236399e+00 1.527031e+01
2.980000e+02 4.543046e-02 9.555861e-01 1.063347e+01 1.678068e+01
2.990000e+02 4.561378e-02 9.554109e-01 1.068747e+01 1.685644e+01
3.000000e+02 4.247780e-02 9.584117e-01 1.002836e+01 1.617297e+01
3.010000e+02 5.111261e-02 9.501717e-01 1.175242e+01 1.802045e+01
3.020000e+02 7.445964e-02 9.282449e-01 1.621912e+01 2.270000e+01
3.030000e+02 6.095635e-02 9.408643e-01 1.361544e+01 2.001345e+01
3.040000e+02 4.249336e-02 9.583968e-01 1.003147e+01 1.624906e+01
3.050000e+02 4.478882e-02 9.561994e-01 1.050243e+01 1.676984e+01
3.060000e+02 4.074378e-02 9.600751e-01 9.695412e+00 1.592539e+01
3.070000e+02 4.067737e-02 9.601389e-01 9.689120e+00 1.593668e+01
3.080000e+02 4.104461e-02 9.597863e-01 9.778171e+00 1.605028e+01
3.090000e+02 4.179642e-02 9.590650e-01 9.949438e+00 1.625196e+01
3.100000e+02 5.441935e-02 9.470349e-01 1.248446e+01 1.896028e+01
3.110000e+02 4.318751e-02 9.577318e-01 1.028331e+01 1.664551e+01
3.120000e+02 4.382760e-02 9.571190e-01 1.044229e+01 1.683354e+01
3.130000e+02 4.513373e-02 9.558696e-01 1.074566e+01 1.717535e+01
3.140000e+02 4.743604e-02 9.536715e-01 1.126393e+01 1.774487e+01
3.150000e+02 4.921636e-02 9.519751e-01 1.166029e+01 1.818358e+01
3.160000e+02 8.059569e-02 9.225666e-01 1.775532e+01 2.456273e+01
3.170000e+02 5.794165e-02 9.437050e-01 1.354513e+01 2.020629e+01
3.180000e+02 5.651753e-02 9.450499e-01 1.343842e+01 2.011333e+01
3.190000e+02 6.214423e-02 9.397473e-01 1.477773e+01 2.153301e+01
3.200000e+02 3.114854e-01 7.323583e-01 6.060177e+01 6.799173e+01
